Arguments: 
  C:\Program Files (x86)\nodejs\node.exe C:\Users\Samy\AppData\Roaming\npm\node_modules\yarn\bin\yarn.js add react-native-sound

PATH: 
  C:\Windows\system32;C:\Windows;C:\Windows\System32\Wbem;C:\Windows\System32\WindowsPowerShell\v1.0\;C:\Windows\System32\OpenSSH\;C:\Program Files\PuTTY\;C:\ProgramData\chocolatey\bin;C:\Program Files\Git\cmd;C:\xampp\php;C:\composer;C:\Program Files (x86)\nodejs\;C:\Users\Samy\AppData\Local\Programs\Python\Python311\Scripts\;C:\Users\Samy\AppData\Local\Programs\Python\Python311\;C:\Users\Samy\AppData\Local\Microsoft\WindowsApps;C:\Users\Samy\AppData\Local\Programs\Microsoft VS Code\bin;C:\Program Files\nodejs;C:\Users\Samy\AppData\Roaming\Composer\vendor\bin;C:\Users\Samy\AppData\Roaming\npm

Yarn version: 
  1.22.19

Node version: 
  18.17.1

Platform: 
  win32 ia32

Trace: 
  Error: https://registry.yarnpkg.com/expo-modules-core/-/expo-modules-core-1.5.9.tgz: ESOCKETTIMEDOUT
      at ClientRequest.<anonymous> (C:\Users\Samy\AppData\Roaming\npm\node_modules\yarn\lib\cli.js:141517:19)
      at Object.onceWrapper (node:events:628:28)
      at ClientRequest.emit (node:events:514:28)
      at TLSSocket.emitRequestTimeout (node:_http_client:847:9)
      at Object.onceWrapper (node:events:628:28)
      at TLSSocket.emit (node:events:526:35)
      at Socket._onTimeout (node:net:571:8)
      at listOnTimeout (node:internal/timers:569:17)
      at process.processTimers (node:internal/timers:512:7)

npm manifest: 
  {
    "name": "exampleapp",
    "version": "1.0.0",
    "main": "node_modules/expo/AppEntry.js",
    "scripts": {
      "start": "expo start",
      "android": "expo start --android",
      "ios": "expo start --ios",
      "web": "expo start --web"
    },
    "dependencies": {
      "@react-navigation/native": "^6.1.7",
      "@react-navigation/native-stack": "^6.9.13",
      "expo": "~49.0.7",
      "expo-status-bar": "~1.6.0",
      "react": "18.2.0",
      "react-dom": "^18.2.0",
      "react-native": "0.72.3",
      "react-native-link": "^4.1.0",
      "react-native-safe-area-context": "^4.7.1",
      "react-native-screens": "^3.24.0",
      "react-native-sound": "^0.11.2",
      "react-native-web": "~0.19.6"
    },
    "devDependencies": {
      "@babel/core": "^7.20.0"
    },
    "private": true,
    "author": "",
    "license": "ISC",
    "description": "",
    "rnpm": {
      "assets": [
        "./assets/fonts/"
      ]
    }
  }

yarn manifest: 
  No manifest

Lockfile: 
  No lockfile
